[22:09:49] [main/INFO]: Environment: authHost='https://authserver.mojang.com', accountsHost='https://api.mojang.com', sessionHost='https://sessionserver.mojang.com', servicesHost='https://api.minecraftservices.com', name='PROD'
[22:09:49] [main/INFO]: Reloading ResourceManager: Default, bukkit
[22:09:51] [Worker-Main-3/INFO]: Loaded 7 recipes
[22:09:54] [Server thread/INFO]: Starting minecraft server version 1.17.1
[22:09:54] [Server thread/INFO]: Loading properties
[22:09:55] [Server thread/INFO]: This server is running CraftBukkit version 3284a-Spigot-3892929-0ab8487 (MC: 1.17.1) (Implementing API version 1.17.1-R0.1-SNAPSHOT)
[22:09:55] [Server thread/INFO]: Debug logging is disabled
[22:09:55] [Server thread/INFO]: Server Ping Player Sample Count: 12
[22:09:55] [Server thread/INFO]: Using 4 threads for Netty based IO
[22:09:55] [Server thread/INFO]: Default game type: SURVIVAL
[22:09:55] [Server thread/INFO]: Generating keypair
[22:09:55] [Server thread/INFO]: Starting Minecraft server on *:40062
[22:09:55] [Server thread/INFO]: Using epoll channel type
[22:09:55] [Server thread/WARN]: **** SERVER IS RUNNING IN OFFLINE/INSECURE MODE!
[22:09:56] [Server thread/WARN]: The server will make no attempt to authenticate usernames. Beware.
[22:09:56] [Server thread/WARN]: While this makes the game possible to play without internet access, it also opens up the ability for hackers to connect with any username they choose.
[22:09:56] [Server thread/WARN]: To change this, set "online-mode" to "true" in the server.properties file.
[22:09:56] [Server thread/INFO]: Preparing level "world"
[22:09:56] [Server thread/INFO]: -------- World Settings For [world] --------
[22:09:56] [Server thread/INFO]: Experience Merge Radius: 3.0
[22:09:56] [Server thread/INFO]: Mob Spawn Range: 6
[22:09:56] [Server thread/INFO]: Cactus Growth Modifier: 100%
[22:09:56] [Server thread/INFO]: Cane Growth Modifier: 100%
[22:09:56] [Server thread/INFO]: Melon Growth Modifier: 100%
[22:09:56] [Server thread/INFO]: Mushroom Growth Modifier: 100%
[22:09:56] [Server thread/INFO]: Pumpkin Growth Modifier: 100%
[22:09:56] [Server thread/INFO]: Sapling Growth Modifier: 100%
[22:09:56] [Server thread/INFO]: Beetroot Growth Modifier: 100%
[22:09:56] [Server thread/INFO]: Carrot Growth Modifier: 100%
[22:09:56] [Server thread/INFO]: Potato Growth Modifier: 100%
[22:09:56] [Server thread/INFO]: Wheat Growth Modifier: 100%
[22:09:56] [Server thread/INFO]: NetherWart Growth Modifier: 100%
[22:09:56] [Server thread/INFO]: Vine Growth Modifier: 100%
[22:09:56] [Server thread/INFO]: Cocoa Growth Modifier: 100%
[22:09:56] [Server thread/INFO]: Bamboo Growth Modifier: 100%
[22:09:56] [Server thread/INFO]: SweetBerry Growth Modifier: 100%
[22:09:56] [Server thread/INFO]: Kelp Growth Modifier: 100%
[22:09:56] [Server thread/INFO]: Entity Activation Range: An 32 / Mo 32 / Ra 48 / Mi 16 / Tiv true
[22:09:56] [Server thread/INFO]: Hopper Transfer: 8 Hopper Check: 1 Hopper Amount: 1
[22:09:56] [Server thread/INFO]: Custom Map Seeds:  Village: 10387312 Desert: 14357617 Igloo: 14357618 Jungle: 14357619 Swamp: 14357620 Monument: 10387313 Ocean: 14357621 Shipwreck: 165745295 End City: 10387313 Slime: 987234911 Bastion: 30084232 Fortress: 30084232 Mansion: 10387319 Fossil: 14357921 Portal: 34222645
[22:09:56] [Server thread/INFO]: Max TNT Explosions: 100
[22:09:56] [Server thread/INFO]: Tile Max Tick Time: 50ms Entity max Tick Time: 50ms
[22:09:56] [Server thread/INFO]: Entity Tracking Range: Pl 48 / An 48 / Mo 48 / Mi 32 / Other 64
[22:09:56] [Server thread/INFO]: Allow Zombie Pigmen to spawn from portal blocks: true
[22:09:56] [Server thread/INFO]: Item Despawn Rate: 6000
[22:09:56] [Server thread/INFO]: Item Merge Radius: 2.5
[22:09:56] [Server thread/INFO]: View Distance: 10
[22:09:56] [Server thread/INFO]: Arrow Despawn Rate: 1200 Trident Respawn Rate:1200
[22:09:56] [Server thread/INFO]: Nerfing mobs spawned from spawners: false
[22:09:56] [Server thread/INFO]: Zombie Aggressive Towards Villager: true
[22:09:56] [Server thread/INFO]: -------- World Settings For [world_nether] --------
[22:09:56] [Server thread/INFO]: Experience Merge Radius: 3.0
[22:09:56] [Server thread/INFO]: Mob Spawn Range: 6
[22:09:56] [Server thread/INFO]: Cactus Growth Modifier: 100%
[22:09:56] [Server thread/INFO]: Cane Growth Modifier: 100%
[22:09:56] [Server thread/INFO]: Melon Growth Modifier: 100%
[22:09:56] [Server thread/INFO]: Mushroom Growth Modifier: 100%
[22:09:56] [Server thread/INFO]: Pumpkin Growth Modifier: 100%
[22:09:56] [Server thread/INFO]: Sapling Growth Modifier: 100%
[22:09:56] [Server thread/INFO]: Beetroot Growth Modifier: 100%
[22:09:56] [Server thread/INFO]: Carrot Growth Modifier: 100%
[22:09:56] [Server thread/INFO]: Potato Growth Modifier: 100%
[22:09:56] [Server thread/INFO]: Wheat Growth Modifier: 100%
[22:09:56] [Server thread/INFO]: NetherWart Growth Modifier: 100%
[22:09:56] [Server thread/INFO]: Vine Growth Modifier: 100%
[22:09:56] [Server thread/INFO]: Cocoa Growth Modifier: 100%
[22:09:56] [Server thread/INFO]: Bamboo Growth Modifier: 100%
[22:09:56] [Server thread/INFO]: SweetBerry Growth Modifier: 100%
[22:09:56] [Server thread/INFO]: Kelp Growth Modifier: 100%
[22:09:56] [Server thread/INFO]: Entity Activation Range: An 32 / Mo 32 / Ra 48 / Mi 16 / Tiv true
[22:09:56] [Server thread/INFO]: Hopper Transfer: 8 Hopper Check: 1 Hopper Amount: 1
[22:09:56] [Server thread/INFO]: Custom Map Seeds:  Village: 10387312 Desert: 14357617 Igloo: 14357618 Jungle: 14357619 Swamp: 14357620 Monument: 10387313 Ocean: 14357621 Shipwreck: 165745295 End City: 10387313 Slime: 987234911 Bastion: 30084232 Fortress: 30084232 Mansion: 10387319 Fossil: 14357921 Portal: 34222645
[22:09:56] [Server thread/INFO]: Max TNT Explosions: 100
[22:09:56] [Server thread/INFO]: Tile Max Tick Time: 50ms Entity max Tick Time: 50ms
[22:09:56] [Server thread/INFO]: Entity Tracking Range: Pl 48 / An 48 / Mo 48 / Mi 32 / Other 64
[22:09:56] [Server thread/INFO]: Allow Zombie Pigmen to spawn from portal blocks: true
[22:09:56] [Server thread/INFO]: Item Despawn Rate: 6000
[22:09:56] [Server thread/INFO]: Item Merge Radius: 2.5
[22:09:56] [Server thread/INFO]: View Distance: 10
[22:09:56] [Server thread/INFO]: Arrow Despawn Rate: 1200 Trident Respawn Rate:1200
[22:09:56] [Server thread/INFO]: Nerfing mobs spawned from spawners: false
[22:09:56] [Server thread/INFO]: Zombie Aggressive Towards Villager: true
[22:09:56] [Server thread/INFO]: -------- World Settings For [world_the_end] --------
[22:09:56] [Server thread/INFO]: Experience Merge Radius: 3.0
[22:09:56] [Server thread/INFO]: Mob Spawn Range: 6
[22:09:56] [Server thread/INFO]: Cactus Growth Modifier: 100%
[22:09:56] [Server thread/INFO]: Cane Growth Modifier: 100%
[22:09:56] [Server thread/INFO]: Melon Growth Modifier: 100%
[22:09:56] [Server thread/INFO]: Mushroom Growth Modifier: 100%
[22:09:56] [Server thread/INFO]: Pumpkin Growth Modifier: 100%
[22:09:56] [Server thread/INFO]: Sapling Growth Modifier: 100%
[22:09:56] [Server thread/INFO]: Beetroot Growth Modifier: 100%
[22:09:56] [Server thread/INFO]: Carrot Growth Modifier: 100%
[22:09:56] [Server thread/INFO]: Potato Growth Modifier: 100%
[22:09:56] [Server thread/INFO]: Wheat Growth Modifier: 100%
[22:09:56] [Server thread/INFO]: NetherWart Growth Modifier: 100%
[22:09:56] [Server thread/INFO]: Vine Growth Modifier: 100%
[22:09:56] [Server thread/INFO]: Cocoa Growth Modifier: 100%
[22:09:56] [Server thread/INFO]: Bamboo Growth Modifier: 100%
[22:09:56] [Server thread/INFO]: SweetBerry Growth Modifier: 100%
[22:09:56] [Server thread/INFO]: Kelp Growth Modifier: 100%
[22:09:56] [Server thread/INFO]: Entity Activation Range: An 32 / Mo 32 / Ra 48 / Mi 16 / Tiv true
[22:09:56] [Server thread/INFO]: Hopper Transfer: 8 Hopper Check: 1 Hopper Amount: 1
[22:09:56] [Server thread/INFO]: Custom Map Seeds:  Village: 10387312 Desert: 14357617 Igloo: 14357618 Jungle: 14357619 Swamp: 14357620 Monument: 10387313 Ocean: 14357621 Shipwreck: 165745295 End City: 10387313 Slime: 987234911 Bastion: 30084232 Fortress: 30084232 Mansion: 10387319 Fossil: 14357921 Portal: 34222645
[22:09:56] [Server thread/INFO]: Max TNT Explosions: 100
[22:09:56] [Server thread/INFO]: Tile Max Tick Time: 50ms Entity max Tick Time: 50ms
[22:09:56] [Server thread/INFO]: Entity Tracking Range: Pl 48 / An 48 / Mo 48 / Mi 32 / Other 64
[22:09:56] [Server thread/INFO]: Allow Zombie Pigmen to spawn from portal blocks: true
[22:09:56] [Server thread/INFO]: Item Despawn Rate: 6000
[22:09:56] [Server thread/INFO]: Item Merge Radius: 2.5
[22:09:56] [Server thread/INFO]: View Distance: 10
[22:09:56] [Server thread/INFO]: Arrow Despawn Rate: 1200 Trident Respawn Rate:1200
[22:09:56] [Server thread/INFO]: Nerfing mobs spawned from spawners: false
[22:09:56] [Server thread/INFO]: Zombie Aggressive Towards Villager: true
[22:09:56] [Server thread/INFO]: Preparing start region for dimension minecraft:overworld
[22:09:57] [Worker-Main-3/INFO]: Preparing spawn area: 0%
[22:09:57] [Worker-Main-4/INFO]: Preparing spawn area: 0%
[22:09:57] [Worker-Main-3/INFO]: Preparing spawn area: 0%
[22:09:58] [Worker-Main-4/INFO]: Preparing spawn area: 0%
[22:09:58] [Worker-Main-4/INFO]: Preparing spawn area: 0%
[22:09:59] [Worker-Main-4/INFO]: Preparing spawn area: 0%
[22:09:59] [Worker-Main-3/INFO]: Preparing spawn area: 0%
[22:10:00] [Worker-Main-4/INFO]: Preparing spawn area: 0%
